{"message":"bookmark with id f6fc1cd1-8d18-4b3e-a705-015ed8142fe2 added","level":"info"}
{"message":"bookmark with id 5279c62f-66b3-4da9-a43a-17bb9e97a2e2 added","level":"info"}
{"message":"bookmark with id 1debca89-c7a8-4afe-be57-b7dfbb47947c added","level":"info"}
{"message":"bookmark with id 5279c62f-66b3-4da9-a43a-17bb9e97a2e2 deleted","level":"info"}
{"message":"title required","level":"error"}
{"message":"bookmark with id 92a37a74-45ef-4052-946f-6d572bdb30f1 added","level":"info"}
{"message":"bookmark with id 3779dd93-08cb-4bd1-8a4e-689bde7c81aa added","level":"info"}
{"message":"bookmark with id 1 deleted","level":"info"}
{"message":"bookmark with id c94fe9f2-5501-44f3-9fd9-6897908602fd added","level":"info"}
{"message":"bookmark with id f2aca842-70e7-4b6b-b89b-680d66d56791 added","level":"info"}
{"message":"bookmark with id 0cbbf607-aa14-4a8e-b869-976cc6f0f1d7 added","level":"info"}
{"message":"bookmark with id f2aca842-70e7-4b6b-b89b-680d66d56791 deleted","level":"info"}
{"message":"bookmark with id 243b1898-7792-4470-b906-9f7af72d82e4 added","level":"info"}
{"message":"bookmark with id 0245b574-46dd-41d6-939a-b85781cb4b40 added","level":"info"}
{"message":"bookmark with id 0245b574-46dd-41d6-939a-b85781cb4b40 deleted","level":"info"}
{"message":"bookmark with id 1 deleted","level":"info"}
{"message":"bookmark with id 243b1898-7792-4470-b906-9f7af72d82e4 not found","level":"error"}
{"message":"bookmark with id 1 found","level":"info"}
{"message":"bookmark with id 12 not found","level":"error"}
{"message":"bookmark with id 134 not found","level":"error"}
{"message":"Unauthorized Request","level":"info"}
{"message":"bookmark with id 1 found","level":"info"}
{"message":"bookmark with id 293f221c-db39-490b-b5ca-c8f9f1a13f74 added","level":"info"}
{"message":"title required","level":"error"}
{"message":"bookmark with id 1 found","level":"info"}
{"message":"bookmark with id 2 not found","level":"error"}
{"message":"Unauthorized Request","level":"error"}
{"message":"Unauthorized Request","level":"error"}
{"message":"Unauthorized Request","level":"error"}
{"message":"Unauthorized Request","level":"error"}
{"message":"Unauthorized Request","level":"error"}
{"message":"Unauthorized Request","level":"error"}
{"message":"Unauthorized Request","level":"error"}
{"message":"Unauthorized Request","level":"error"}
{"message":"Unauthorized Request","level":"error"}
{"message":"Unauthorized Request","level":"error"}
{"message":"Unauthorized Request","level":"error"}
{"message":"Unauthorized Request","level":"error"}
{"message":"Unauthorized Request","level":"error"}
{"message":"Unauthorized Request","level":"error"}
{"message":"Unauthorized Request","level":"error"}
{"message":"Unauthorized Request","level":"error"}
{"message":"bookmark with id doesnt-exist not found","level":"error"}
{"message":"Unauthorized Request","level":"error"}
{"message":"Unauthorized Request","level":"error"}
{"message":"Unauthorized Request","level":"error"}
{"message":"Unauthorized Request","level":"error"}
{"message":"Unauthorized Request","level":"error"}
{"message":"Unauthorized Request","level":"error"}
{"message":"Unauthorized Request","level":"error"}
{"message":"Unauthorized Request","level":"error"}
{"message":"Unauthorized Request","level":"error"}
{"message":"Unauthorized Request","level":"error"}
{"message":"Unauthorized Request","level":"error"}
{"message":"Unauthorized Request","level":"error"}
{"message":"Unauthorized Request","level":"error"}
{"message":"Unauthorized Request","level":"error"}
{"message":"Unauthorized Request","level":"error"}
{"message":"Unauthorized Request","level":"error"}
{"message":"Unauthorized Request","level":"error"}
{"message":"Unauthorized Request","level":"error"}
{"message":"Unauthorized Request","level":"error"}
{"message":"Unauthorized Request","level":"error"}
{"message":"Unauthorized Request","level":"error"}
{"message":"Unauthorized Request","level":"error"}
{"message":"Unauthorized Request","level":"error"}
{"message":"Unauthorized Request","level":"error"}
{"message":"Unauthorized Request","level":"error"}
{"message":"Unauthorized Request","level":"error"}
{"message":"Unauthorized Request","level":"error"}
{"message":"Unauthorized Request","level":"error"}
{"message":"Unauthorized Request","level":"error"}
{"message":"Unauthorized Request","level":"error"}
{"message":"Unauthorized Request","level":"error"}
{"message":"Unauthorized Request","level":"error"}
{"message":"Unauthorized Request","level":"error"}
{"message":"Unauthorized Request","level":"error"}
{"message":"Unauthorized Request","level":"error"}
{"message":"Unauthorized Request","level":"error"}
{"message":"Unauthorized Request","level":"error"}
{"message":"Unauthorized Request","level":"error"}
{"message":"Unauthorized Request","level":"error"}
{"message":"Unauthorized Request","level":"error"}
{"message":"Unauthorized Request","level":"error"}
{"message":"Unauthorized Request","level":"error"}
{"message":"Unauthorized Request","level":"error"}
{"message":"Unauthorized Request","level":"error"}
{"message":"Unauthorized Request","level":"error"}
{"message":"Unauthorized Request","level":"error"}
{"message":"Unauthorized Request","level":"error"}
{"message":"Unauthorized Request","level":"error"}
{"message":"Unauthorized Request","level":"error"}
{"message":"Unauthorized Request","level":"error"}
{"message":"Unauthorized Request","level":"error"}
{"message":"Unauthorized Request","level":"error"}
{"message":"Unauthorized Request","level":"error"}
{"message":"Unauthorized Request","level":"error"}
{"message":"Unauthorized Request","level":"error"}
{"message":"Unauthorized Request","level":"error"}
{"message":"Unauthorized Request","level":"error"}
{"message":"Unauthorized Request","level":"error"}
{"message":"Unauthorized Request","level":"error"}
{"message":"Unauthorized Request","level":"error"}
{"message":"Unauthorized Request","level":"error"}
{"message":"Unauthorized Request","level":"error"}
{"message":"Unauthorized Request","level":"error"}
{"message":"Unauthorized Request","level":"error"}
{"message":"Unauthorized Request","level":"error"}
{"message":"Unauthorized Request","level":"error"}
{"message":"Unauthorized Request","level":"error"}
{"message":"Unauthorized Request","level":"error"}
{"message":"Unauthorized Request","level":"error"}
{"message":"Unauthorized Request","level":"error"}
{"message":"Unauthorized Request","level":"error"}
{"message":"Unauthorized Request","level":"error"}
{"message":"Unauthorized Request","level":"error"}
